[    0.000000] Initializing cgroup subsys cpuset
[    0.000000] Initializing cgroup subsys cpu
[    0.000000] Initializing cgroup subsys cpuacct
[    0.000000] Linux version 4.4.0-119-generic (buildd@lcy01-amd64-013) (gcc version 5.4.0 20160609 (Ubuntu 5.4.0-6ubuntu1~16.04.9) ) #143-Ubuntu SMP Mon Apr 2 16:08:24 UTC 2018 (Ubuntu 4.4.0-119.143-generic 4.4.114)
[    0.000000] Command line: BOOT_IMAGE=/boot/vmlinuz-4.4.0-119-generic root=LABEL=cloudimg-rootfs ro console=tty1 console=ttyS0
[    0.000000] KERNEL supported cpus:
[    0.000000]   Intel GenuineIntel
[    0.000000]   AMD AuthenticAMD
[    0.000000]   Centaur CentaurHauls
[    0.000000] x86/fpu: Legacy x87 FPU detected.
[    0.000000] x86/fpu: Using 'lazy' FPU context switches.
[    0.000000] e820: BIOS-provided physical RAM map:
[    0.000000] BIOS-e820: [mem 0x0000000000000000-0x000000000009fbff] usable
[    0.000000] BIOS-e820: [mem 0x000000000009fc00-0x000000000009ffff] reserved
[    0.000000] BIOS-e820: [mem 0x00000000000f0000-0x00000000000fffff] reserved
[    0.000000] BIOS-e820: [mem 0x0000000000100000-0x00000000dffeffff] usable
[    0.000000] BIOS-e820: [mem 0x00000000dfff0000-0x00000000dfffffff] ACPI data
[    0.000000] BIOS-e820: [mem 0x00000000fffc0000-0x00000000ffffffff] reserved
[    0.000000] BIOS-e820: [mem 0x0000000100000000-0x000000021fffffff] usable
[    0.000000] NX (Execute Disable) protection: active
[    0.000000] SMBIOS 2.5 present.
[    0.000000] Hypervisor detected: KVM
[    0.000000] e820: last_pfn = 0x220000 max_arch_pfn = 0x400000000
[    0.000000] MTRR: Disabled
[    0.000000] x86/PAT: MTRRs disabled, skipping PAT initialization too.
[    0.000000] CPU MTRRs all blank - virtualized system.
[    0.000000] x86/PAT: Configuration [0-7]: WB  WT  UC- UC  WB  WT  UC- UC  
[    0.000000] e820: last_pfn = 0xdfff0 max_arch_pfn = 0x400000000
[    0.000000] found SMP MP-table at [mem 0x0009fff0-0x0009ffff] mapped at [ffff88000009fff0]
[    0.000000] Scanning 1 areas for low memory corruption
[    0.000000] RAMDISK: [mem 0x36aae000-0x3754efff]
[    0.000000] ACPI: Early table checksum verification disabled
[    0.000000] ACPI: RSDP 0x00000000000E0000 000024 (v02 VBOX  )
[    0.000000] ACPI: XSDT 0x00000000DFFF0030 00003C (v01 VBOX   VBOXXSDT 00000001 ASL  00000061)
[    0.000000] ACPI: FACP 0x00000000DFFF00F0 0000F4 (v04 VBOX   VBOXFACP 00000001 ASL  00000061)
[    0.000000] ACPI: DSDT 0x00000000DFFF0480 002118 (v01 VBOX   VBOXBIOS 00000002 INTL 20160108)
[    0.000000] ACPI: FACS 0x00000000DFFF0200 000040
[    0.000000] ACPI: FACS 0x00000000DFFF0200 000040
[    0.000000] ACPI: APIC 0x00000000DFFF0240 00006C (v02 VBOX   VBOXAPIC 00000001 ASL  00000061)
[    0.000000] ACPI: SSDT 0x00000000DFFF02B0 0001CC (v01 VBOX   VBOXCPUT 00000002 INTL 20160108)
[    0.000000] No NUMA configuration found
[    0.000000] Faking a node at [mem 0x0000000000000000-0x000000021fffffff]
[    0.000000] NODE_DATA(0) allocated [mem 0x21fff5000-0x21fff9fff]
[    0.000000] kvm-clock: Using msrs 4b564d01 and 4b564d00
[    0.000000] kvm-clock: cpu 0, msr 2:1ffed001, primary cpu clock
[    0.000000] kvm-clock: using sched offset of 3782025175 cycles
[    0.000000] clocksource: kvm-clock: mask: 0xffffffffffffffff max_cycles: 0x1cd42e4dffb, max_idle_ns: 881590591483 ns
[    0.000000] Zone ranges:
[    0.000000]   DMA      [mem 0x0000000000001000-0x0000000000ffffff]
[    0.000000]   DMA32    [mem 0x0000000001000000-0x00000000ffffffff]
[    0.000000]   Normal   [mem 0x0000000100000000-0x000000021fffffff]
[    0.000000]   Device   empty
[    0.000000] Movable zone start for each node
[    0.000000] Early memory node ranges
[    0.000000]   node   0: [mem 0x0000000000001000-0x000000000009efff]
[    0.000000]   node   0: [mem 0x0000000000100000-0x00000000dffeffff]
[    0.000000]   node   0: [mem 0x0000000100000000-0x000000021fffffff]
[    0.000000] Initmem setup node 0 [mem 0x0000000000001000-0x000000021fffffff]
[    0.000000] ACPI: PM-Timer IO Port: 0x4008
[    0.000000] IOAPIC[0]: apic_id 4, version 17, address 0xfec00000, GSI 0-23
[    0.000000] ACPI: INT_SRC_OVR (bus 0 bus_irq 0 global_irq 2 dfl dfl)
[    0.000000] ACPI: INT_SRC_OVR (bus 0 bus_irq 9 global_irq 9 high level)
[    0.000000] Using ACPI (MADT) for SMP configuration information
[    0.000000] smpboot: Allowing 4 CPUs, 0 hotplug CPUs
[    0.000000] PM: Registered nosave memory: [mem 0x00000000-0x00000fff]
[    0.000000] PM: Registered nosave memory: [mem 0x0009f000-0x0009ffff]
[    0.000000] PM: Registered nosave memory: [mem 0x000a0000-0x000effff]
[    0.000000] PM: Registered nosave memory: [mem 0x000f0000-0x000fffff]
[    0.000000] PM: Registered nosave memory: [mem 0xdfff0000-0xdfffffff]
[    0.000000] PM: Registered nosave memory: [mem 0xe0000000-0xfffbffff]
[    0.000000] PM: Registered nosave memory: [mem 0xfffc0000-0xffffffff]
[    0.000000] e820: [mem 0xe0000000-0xfffbffff] available for PCI devices
[    0.000000] Booting paravirtualized kernel on KVM
[    0.000000] clocksource: refined-jiffies: mask: 0xffffffff max_cycles: 0xffffffff, max_idle_ns: 7645519600211568 ns
[    0.000000] setup_percpu: NR_CPUS:512 nr_cpumask_bits:512 nr_cpu_ids:4 nr_node_ids:1
[    0.000000] PERCPU: Embedded 34 pages/cpu @ffff88021fc00000 s99544 r8192 d31528 u524288
[    0.000000] PV qspinlock hash table entries: 256 (order: 0, 4096 bytes)
[    0.000000] Built 1 zonelists in Node order, mobility grouping on.  Total pages: 2064248
[    0.000000] Policy zone: Normal
[    0.000000] Kernel command line: BOOT_IMAGE=/boot/vmlinuz-4.4.0-119-generic root=LABEL=cloudimg-rootfs ro console=tty1 console=ttyS0
[    0.000000] PID hash table entries: 4096 (order: 3, 32768 bytes)
[    0.000000] Memory: 8160640K/8388152K available (8532K kernel code, 1313K rwdata, 3996K rodata, 1508K init, 1316K bss, 227512K reserved, 0K cma-reserved)
[    0.000000] SLUB: HWalign=64, Order=0-3, MinObjects=0, CPUs=4, Nodes=1
[    0.000000] Kernel/User page tables isolation: enabled
[    0.000000] Hierarchical RCU implementation.
[    0.000000] 	Build-time adjustment of leaf fanout to 64.
[    0.000000] 	RCU restricting CPUs from NR_CPUS=512 to nr_cpu_ids=4.
[    0.000000] RCU: Adjusting geometry for rcu_fanout_leaf=64, nr_cpu_ids=4
[    0.000000] NR_IRQS:33024 nr_irqs:456 16
[    0.000000] Console: colour VGA+ 80x25
[    0.000000] console [tty1] enabled
[    0.000000] console [ttyS0] enabled
[    0.000000] tsc: Detected 2493.680 MHz processor
[    0.584250] Calibrating delay loop (skipped) preset value.. 4987.36 BogoMIPS (lpj=9974720)
[    0.587400] pid_max: default: 32768 minimum: 301
[    0.589084] ACPI: Core revision 20150930
[    0.592085] ACPI: 2 ACPI AML tables successfully acquired and loaded
[    0.594468] Security Framework initialized
[    0.596034] Yama: becoming mindful.
[    0.597466] AppArmor: AppArmor initialized
[    0.601419] Dentry cache hash table entries: 1048576 (order: 11, 8388608 bytes)
[    0.613364] Inode-cache hash table entries: 524288 (order: 10, 4194304 bytes)
[    0.625008] Mount-cache hash table entries: 16384 (order: 5, 131072 bytes)
[    0.627323] Mountpoint-cache hash table entries: 16384 (order: 5, 131072 bytes)
[    0.632168] Initializing cgroup subsys io
[    0.633775] Initializing cgroup subsys memory
[    0.635443] Initializing cgroup subsys devices
[    0.637106] Initializing cgroup subsys freezer
[    0.638856] Initializing cgroup subsys net_cls
[    0.640514] Initializing cgroup subsys perf_event
[    0.642288] Initializing cgroup subsys net_prio
[    0.644003] Initializing cgroup subsys hugetlb
[    0.645661] Initializing cgroup subsys pids
[    0.647444] FEATURE SPEC_CTRL Not Present
[    0.649022] CPU: Physical Processor ID: 0
[    0.650580] CPU: Processor Core ID: 0
[    0.652064] mce: CPU supports 0 MCE banks
[    0.653647] Last level iTLB entries: 4KB 128, 2MB 4, 4MB 4
[    0.660913] Last level dTLB entries: 4KB 256, 2MB 0, 4MB 32, 1GB 0
[    0.663027] Spectre V2 mitigation: Mitigation: Full generic retpoline
[    0.665191] Spectre V2 mitigation: Speculation control IBPB not-supported IBRS not-supported
[    0.676238] Freeing SMP alternatives memory: 32K
[    0.694613] ftrace: allocating 32195 entries in 126 pages
[    0.782164] smpboot: APIC(0) Converting physical 0 to logical package 0
[    0.787801] smpboot: Max logical packages: 1
[    0.792102] ..TIMER: vector=0x30 apic1=0 pin1=2 apic2=-1 pin2=-1
[    0.901897] smpboot: CPU0: Intel(R) Xeon(R) CPU           E5420  @ 2.50GHz (family: 0x6, model: 0x17, stepping: 0xa)
[    0.905821] Performance Events: unsupported p6 CPU model 23 no PMU driver, software events only.
[    0.909315] KVM setup paravirtual spinlock
[    0.912146] x86: Booting SMP configuration:
[    0.913758] .... node  #0, CPUs:      #1
[    0.915680] kvm-clock: cpu 1, msr 2:1ffed041, secondary cpu clock
[    0.917268] mce: CPU supports 0 MCE banks
[    0.920349]  #2
[    0.921310] kvm-clock: cpu 2, msr 2:1ffed081, secondary cpu clock
[    0.928199] mce: CPU supports 0 MCE banks
[    0.931306]  #3
[    0.932335] kvm-clock: cpu 3, msr 2:1ffed0c1, secondary cpu clock
[    0.933946] mce: CPU supports 0 MCE banks
[    0.936931] x86: Booted up 1 node, 4 CPUs
[    0.939032] smpboot: Total of 4 processors activated (19949.44 BogoMIPS)
[    0.943629] devtmpfs: initialized
[    0.949293] evm: security.selinux
[    0.950704] evm: security.SMACK64
[    0.952076] evm: security.SMACK64EXEC
[    0.953553] evm: security.SMACK64TRANSMUTE
[    0.955140] evm: security.SMACK64MMAP
[    0.956607] evm: security.ima
[    0.957998] evm: security.capability
[    0.959943] clocksource: jiffies: mask: 0xffffffff max_cycles: 0xffffffff, max_idle_ns: 7645041785100000 ns
[    0.963536] futex hash table entries: 1024 (order: 4, 65536 bytes)
[    0.966200] pinctrl core: initialized pinctrl subsystem
[    0.968252] RTC time:  7:53:41, date: 04/10/18
[    0.970452] NET: Registered protocol family 16
[    0.981207] cpuidle: using governor ladder
[    0.993360] cpuidle: using governor menu
[    0.994881] PCCT header not found.
[    0.996341] ACPI: bus type PCI registered
[    0.997936] acpiphp: ACPI Hot Plug PCI Controller Driver version: 0.5
[    1.000304] PCI: Using configuration type 1 for base access
[    1.016017] ACPI: Added _OSI(Module Device)
[    1.017671] ACPI: Added _OSI(Processor Device)
[    1.019321] ACPI: Added _OSI(3.0 _SCP Extensions)
[    1.021080] ACPI: Added _OSI(Processor Aggregator Device)
[    1.024197] ACPI: Executed 1 blocks of module-level executable AML code
[    1.029936] ACPI: Interpreter enabled
[    1.031425] ACPI: (supports S0 S5)
[    1.032872] ACPI: Using IOAPIC for interrupt routing
[    1.034931] PCI: Using host bridge windows from ACPI; if necessary, use "pci=nocrs" and report a bug
[    1.044156] ACPI: PCI Root Bridge [PCI0] (domain 0000 [bus 00-ff])
[    1.046266] acpi PNP0A03:00: _OSC: OS supports [ASPM ClockPM Segments MSI]
[    1.048513] acpi PNP0A03:00: _OSC failed (AE_NOT_FOUND); disabling ASPM
[    1.050760] acpi PNP0A03:00: fail to add MMCONFIG information, can't access extended PCI configuration space under this bridge.
[    1.055020] PCI host bridge to bus 0000:00
[    1.056588] pci_bus 0000:00: root bus resource [io  0x0000-0x0cf7 window]
[    1.058827] pci_bus 0000:00: root bus resource [io  0x0d00-0xffff window]
[    1.061072] pci_bus 0000:00: root bus resource [mem 0x000a0000-0x000bffff window]
[    1.063967] pci_bus 0000:00: root bus resource [mem 0xe0000000-0xffdfffff window]
[    1.066891] pci_bus 0000:00: root bus resource [bus 00-ff]
[    1.071289] pci 0000:00:01.1: legacy IDE quirk: reg 0x10: [io  0x01f0-0x01f7]
[    1.073619] pci 0000:00:01.1: legacy IDE quirk: reg 0x14: [io  0x03f6]
[    1.075779] pci 0000:00:01.1: legacy IDE quirk: reg 0x18: [io  0x0170-0x0177]
[    1.078135] pci 0000:00:01.1: legacy IDE quirk: reg 0x1c: [io  0x0376]
[    1.805004] ACPI: PCI Interrupt Link [LNKA] (IRQs 5 9 10 11) *0, disabled.
[    1.932370] ACPI: PCI Interrupt Link [LNKB] (IRQs 5 9 10 *11)
[    1.958593] ACPI: PCI Interrupt Link [LNKC] (IRQs 5 9 *10 11)
[    1.980964] ACPI: PCI Interrupt Link [LNKD] (IRQs 5 *9 10 11)
[    2.020093] ACPI: Enabled 2 GPEs in block 00 to 07
[    2.043825] vgaarb: setting as boot device: PCI:0000:00:02.0
[    2.061768] vgaarb: device added: PCI:0000:00:02.0,decodes=io+mem,owns=io+mem,locks=none
[    2.091842] vgaarb: loaded
[    2.121130] vgaarb: bridge control possible 0000:00:02.0
[    2.142505] SCSI subsystem initialized
[    2.145833] ACPI: bus type USB registered
[    2.155684] usbcore: registered new interface driver usbfs
[    2.182002] usbcore: registered new interface driver hub
[    2.202667] usbcore: registered new device driver usb
[    2.217820] PCI: Using ACPI for IRQ routing
[    2.232005] NetLabel: Initializing
[    2.239743] NetLabel:  domain hash size = 128
[    2.271355] NetLabel:  protocols = UNLABELED CIPSOv4
[    2.282294] NetLabel:  unlabeled traffic allowed by default
[    2.332095] amd_nb: Cannot enumerate AMD northbridges
[    2.383155] clocksource: Switched to clocksource kvm-clock
[    2.433397] AppArmor: AppArmor Filesystem Enabled
[    2.451376] pnp: PnP ACPI init
[    2.473677] pnp: PnP ACPI: found 3 devices
[    2.547021] clocksource: acpi_pm: mask: 0xffffff max_cycles: 0xffffff, max_idle_ns: 2085701024 ns
[    2.602363] NET: Registered protocol family 2
[    2.621946] TCP established hash table entries: 65536 (order: 7, 524288 bytes)
[    2.683263] TCP bind hash table entries: 65536 (order: 8, 1048576 bytes)
[    2.723301] TCP: Hash tables configured (established 65536 bind 65536)
[    2.726342] UDP hash table entries: 4096 (order: 5, 131072 bytes)
[    2.752001] UDP-Lite hash table entries: 4096 (order: 5, 131072 bytes)
[    2.783977] NET: Registered protocol family 1
[    2.811305] pci 0000:00:00.0: Limiting direct PCI/PCI transfers
[    2.841309] pci 0000:00:01.0: Activating ISA DMA hang workarounds
[    2.882598] Unpacking initramfs...
[   .2861]Freig nird memory: 1084K

[    5.653558] PCI-DMA: Using software bounce buffering for IO (SWIOTLB)
[    5.674068] software IO TLB [mem 0xdbff0000-0xdfff0000] (64MB) mapped at [ffff8800dbff0000-ffff8800dffeffff]
[    5.698184] platform rtc_cmos: registered platform RTC device (no PNP device found)
[    5.709088] Scanning for low memory corruption every 60 seconds
[    5.732118] audit: initializing netlink subsys (disabled)
[    5.801926] audit: type=2000 audit(1523346830.816:1): initialized
[    5.851797] Initialise system trusted keyring
[    5.902431] HugeTLB registered 2 MB page size, pre-allocated 0 pages
[    5.915255] zbud: loaded
[    5.917245] VFS: Disk quotas dquot_6.6.0
[    5.919193] VFS: Dquot-cache hash table entries: 512 (order 0, 4096 bytes)
[    5.952943] squashfs: version 4.0 (2009/01/31) Phillip Lougher
[    5.956079] fuse init (API version 7.23)
[    5.958190] Key type big_key registered
[    5.959978] Allocating IMA MOK and blacklist keyrings.
[    5.965993] Key type asymmetric registered
[    6.102306] Asymmetric key parser 'x509' registered
[    6.302621] Block layer SCSI generic (bsg) driver version 0.4 loaded (major 249)
[    6.663368] io scheduler noop registered
[    6.665028] io scheduler deadline registered (default)
[    6.711569] tsc: Refined TSC clocksource calibration: 2493.210 MHz
[    6.722345] clocksource: tsc: mask: 0xffffffffffffffff max_cycles: 0x23f02b9ef15, max_idle_ns: 440795325458 ns
[    6.722691] io scheduler cfq registered
[    6.722890] pci_hotplug: PCI Hot Plug PCI Core version: 0.5
[    6.722905] pciehp: PCI Express Hot Plug Controller Driver version: 0.4
[    6.723193] ACPI: AC Adapter [AC] (on-line)
[    6.723326] input: Power Button as /devices/LNXSYSTM:00/LNXPWRBN:00/input/input0
[    6.723331] ACPI: Power Button [PWRF]
[    6.723452] input: Sleep Button as /devices/LNXSYSTM:00/LNXSLPBN:00/input/input1
[    6.723454] ACPI: Sleep Button [SLPF]
[    6.724866] GHES: HEST is not enabled!
[    6.725281] Serial: 8250/16550 driver, 32 ports, IRQ sharing enabled
[    6.894689] 00:02: ttyS0 at I/O 0x3f8 (irq = 4, base_baud = 115200) is a 16550A
[    6.960731] Linux agpgart interface v0.103
[    7.301502] loop: module loaded
[    7.303311] scsi host0: ata_piix
[    7.303695] scsi host1: ata_piix
[    7.303776] ata1: PATA max UDMA/33 cmd 0x1f0 ctl 0x3f6 bmdma 0xd000 irq 14
[    7.303778] ata2: PATA max UDMA/33 cmd 0x170 ctl 0x376 bmdma 0xd008 irq 15
[    7.303966] libphy: Fixed MDIO Bus: probed
[    7.303976] tun: Universal TUN/TAP device driver, 1.6
[    7.303977] tun: (C) 1999-2004 Max Krasnyansky <maxk@qualcomm.com>
[    7.304103] PPP generic driver version 2.4.2
[    7.305167] ehci_hcd: USB 2.0 'Enhanced' Host Controller (EHCI) Driver
[    7.306455] ehci-pci: EHCI PCI platform driver
[    7.306494] ehci-platform: EHCI generic platform driver
[    7.306515] ohci_hcd: USB 1.1 'Open' Host Controller (OHCI) Driver
[    7.306536] ohci-pci: OHCI PCI platform driver
[    7.306564] ohci-platform: OHCI generic platform driver
[    7.306577] uhci_hcd: USB Universal Host Controller Interface driver
[    7.306716] i8042: PNP: PS/2 Controller [PNP0303:PS2K,PNP0f03:PS2M] at 0x60,0x64 irq 1,12
[    7.307992] serio: i8042 KBD port at 0x60,0x64 irq 1
[    7.308009] serio: i8042 AUX port at 0x60,0x64 irq 12
[    7.308293] mousedev: PS/2 mouse device common for all mice
[    7.309816] rtc_cmos rtc_cmos: rtc core: registered rtc_cmos as rtc0
[    7.310191] rtc_cmos rtc_cmos: alarms up to one day, 114 bytes nvram
[    7.310201] i2c /dev entries driver
[    7.310603] input: AT Translated Set 2 keyboard as /devices/platform/i8042/serio0/input/input2
[    7.310775] device-mapper: uevent: version 1.0.3
[    7.311169] device-mapper: ioctl: 4.34.0-ioctl (2015-10-28) initialised: dm-devel@redhat.com
[    7.311212] ledtrig-cpu: registered to indicate activity on CPUs
[    7.331503] NET: Registered protocol family 10
[    7.332661] NET: Registered protocol family 17
[    7.332693] Key type dns_resolver registered
[    7.333327] registered taskstats version 1
[    7.333362] Loading compiled-in X.509 certificates
[    7.334600] Loaded X.509 cert 'Build time autogenerated kernel key: f854e06633b5f496ced5b2e02c7b14f761b69302'
[    7.334833] zswap: loaded using pool lzo/zbud
[    7.372782] Key type trusted registered
[    7.414816] Key type encrypted registered
[    7.414826] AppArmor: AppArmor sha1 policy hashing enabled
[    7.414859] ima: No TPM chip found, activating TPM-bypass!
[    7.414917] evm: HMAC attrs: 0x1
[    7.415772]   Magic number: 14:816:874
[    7.452537] rtc_cmos rtc_cmos: setting system clock to 2018-04-10 07:53:48 UTC (1523346828)
[    7.453256] BIOS EDD facility v0.16 2004-Jun-25, 0 devices found
[    7.453257] EDD information not available.
[    7.828657] Freeing unused kernel memory: 1508K
[    8.212381] Write protecting the kernel read-only data: 14336k
[    9.080403] Freeing unused kernel memory: 1696K
[    9.536693] Freeing unused kernel memory: 100K
Loading, please wait...
starting version[    9.763756] random: systemd-udevd: uninitialized urandom read (16 bytes read, 3 bits of entropy available)
 229
[    9.774906] random: udevadm: uninitialized urandom read (16 bytes read, 3 bits of entropy available)
[    9.775028] random: udevadm: uninitialized urandom read (16 bytes read, 3 bits of entropy available)
[    9.844170] random: systemd-udevd: uninitialized urandom read (16 bytes read, 3 bits of entropy available)
[    9.849740] random: systemd-udevd: uninitialized urandom read (16 bytes read, 3 bits of entropy available)
[    9.859532] random: systemd-udevd: uninitialized urandom read (16 bytes read, 3 bits of entropy available)
[    9.876029] random: systemd-udevd: uninitialized urandom read (16 bytes read, 3 bits of entropy available)
[    9.886641] random: systemd-udevd: uninitialized urandom read (16 bytes read, 3 bits of entropy available)
[    9.887591] random: udevadm: uninitialized urandom read (16 bytes read, 3 bits of entropy available)
[    9.887959] random: udevadm: uninitialized urandom read (16 bytes read, 3 bits of entropy available)
[   10.647336] e1000: Intel(R) PRO/1000 Network Driver - version 7.3.21-k8-NAPI
[   10.743132] e1000: Copyright (c) 1999-2006 Intel Corporation.
[   10.888852] Fusion MPT base driver 3.04.20
[   10.930353] Copyright (c) 1999-2008 LSI Corporation
[   11.123308] Fusion MPT SPI Host driver 3.04.20
[   11.230148] input: ImExPS/2 Generic Explorer Mouse as /devices/platform/i8042/serio1/input/input4
[   12.687730] e1000 0000:00:03.0 eth0: (PCI:33MHz:32-bit) 02:1b:e7:ca:c1:c0
[   12.697012] e1000 0000:00:03.0 eth0: Intel(R) PRO/1000 Network Connection
[   12.703160] mptbase: ioc0: Initiating bringup
[   12.715934] e1000 0000:00:03.0 enp0s3: renamed from eth0
[   13.250757] ioc0: LSI53C1030 A0: Capabilities={Initiator}
[   13.580020] floppy0: no floppy controllers found
[   14.206075] scsi host2: ioc0: LSI53C1030 A0, FwRev=00000000h, Ports=1, MaxQ=256, IRQ=20
[   15.243413] scsi 2:0:0:0: Direct-Access     VBOX     HARDDISK         1.0  PQ: 0 ANSI: 5
[   15.247400] scsi target2:0:0: Beginning Domain Validation
[   15.252839] scsi target2:0:0: Domain Validation skipping write tests
[   15.255265] scsi target2:0:0: Ending Domain Validation
[   15.257435] scsi target2:0:0: asynchronous
[   15.260658] scsi 2:0:1:0: Direct-Access     VBOX     HARDDISK         1.0  PQ: 0 ANSI: 5
[   15.264021] scsi target2:0:1: Beginning Domain Validation
[   15.269046] scsi target2:0:1: Domain Validation skipping write tests
[   15.271418] scsi target2:0:1: Ending Domain Validation
[   15.273566] scsi target2:0:1: asynchronous
[   15.296009] sd 2:0:0:0: [sda] 20971520 512-byte logical blocks: (10.7 GB/10.0 GiB)
[   15.304687] sd 2:0:0:0: Attached scsi generic sg0 type 0
[   15.308710] sd 2:0:1:0: [sdb] 20480 512-byte logical blocks: (10.5 MB/10.0 MiB)
[   15.309387] sd 2:0:1:0: Attached scsi generic sg1 type 0
[   15.311173] sd 2:0:1:0: [sdb] Write Protect is off
[   15.311345] sd 2:0:1:0: [sdb] Incomplete mode parameter data
[   15.311347] sd 2:0:1:0: [sdb] Assuming drive cache: write through
[   15.330223] sd 2:0:1:0: [sdb] Attached SCSI disk
[   15.378785] sd 2:0:0:0: [sda] Write Protect is off
[   15.381031] sd 2:0:0:0: [sda] Incomplete mode parameter data
[   15.400533] sd 2:0:0:0: [sda] Assuming drive cache: write through
[   15.405482]  sda: sda1
[   15.441588] sd 2:0:0:0: [sda] Attached SCSI disk
Begin: Loading essential drivers ... [   18.549150] md: linear personality registered for level -1
[   18.605934] md: multipath personality registered for level -4
[   18.665152] md: raid0 personality registered for level 0
[   18.770838] md: raid1 personality registered for level 1
[   18.898257] raid6: sse2x1   gen()  1528 MB/s
[   18.970274] raid6: sse2x1   xor()  3890 MB/s
[   19.042365] raid6: sse2x2   gen()  5529 MB/s
[   19.114270] raid6: sse2x2   xor()  4834 MB/s
[   19.190360] raid6: sse2x4   gen()  6506 MB/s
[   19.278332] raid6: sse2x4   xor()  3942 MB/s
[   19.280832] raid6: using algorithm sse2x4 gen() 6506 MB/s
[   19.283757] raid6: .... xor() 3942 MB/s, rmw enabled
[   19.286415] raid6: using ssse3x2 recovery algorithm
[   19.293408] xor: measuring software checksum speed
[   19.342294]    prefetch64-sse:  9296.000 MB/sec
[   19.382283]    generic_sse:  8363.000 MB/sec
[   19.388067] xor: using function: prefetch64-sse (9296.000 MB/sec)
[   19.394584] async_tx: api initialized (async)
[   19.513405] md: raid6 personality registered for level 6
[   19.537512] md: raid5 personality registered for level 5
[   19.554786] md: raid4 personality registered for level 4
[   19.620740] md: raid10 personality registered for level 10
done.
Begin: Running /scripts/init-premount ... done.
Begin: Mounting root file system ... Begin: Running /scripts/local-top ... done.
Begin: Running /scripts/local-premount ... [   19.850340] Btrfs loaded
Scanning for Btrfs filesystems
done.
Warning: fsck not present, so skipping root file system
[   20.331242] EXT4-fs (sda1): mounted filesystem with ordered data mode. Opts: (null)
done.
Begin: Running /scripts/local-bottom ... done.
Begin: Running /scripts/init-bottom ... done.
[   21.189213] systemd[1]: systemd 229 running in system mode. (+PAM +AUDIT +SELINUX +IMA +APPARMOR +SMACK +SYSVINIT +UTMP +LIBCRYPTSETUP +GCRYPT +GNUTLS +ACL +XZ -LZ4 +SECCOMP +BLKID +ELFUTILS +KMOD -IDN)
[   21.203513] systemd[1]: Detected virtualization oracle.
[   21.205431] systemd[1]: Detected architecture x86-64.

Welcome to [1mUbuntu 16.04.4 LTS[0m!

[   21.248004] systemd[1]: Set hostname to <p4-compiler-fuzzer-dev>.
[   21.427073] random: nonblocking pool is initialized
[  23.465611] systemd[1]: Started Trigger resolvconf update for networkd DNS.
[[0;32m  OK  [0m] Started Trigger resolvconf update for networkd DNS.
[   23.562044] systemd[1]: Set up automount Arbitrary Executable File Formats File System Automount Point.
[[0;32m  OK  [0m] Set up automount Arbitrary Executab...ats File System Automount Point.
[   23.933250] systemd[1: Create slice ysemSlce
[[0;32m  OK  [0m] Created slice System Slice.
[   24.213515] systemd[1]: Listening on LVM2 poll daemon socket.
[[0;32m  OK  [0m] Listening on LVM2 poll daemon socket.
[   24.260335] sysemd[1]: Created slice User and Session Slice.
[[0;32m  OK  [0m] Created slice User and Session Slice.
[   24.527062] systemd[1]: Reached target Swap.
[[0;32m  OK  [0m] Reached target Swap.
[   24.549790] systemd[1]: Listening on LVM2 mtadata daemon socket.
[[0;32m  OK  [0m] Listening on LVM2 metadata daemon socket.
[   24.840793] systemd[1]: Listening on udev Kernel Socket.
[[0;32m  OK  [0m] Listening on udev Kernel Socket.
[   25.237329] systemd[1]: Reached target System Time Synchronized.
[[0;32m  OK  [0m] Reached target System Time Synchronized.
[   25.241909] systemd[1]: Listening on Journal Socket (/dev/log).
[[0;32m  OK  [0m] Listening on Journal Socket (/dev/log).
[   25.246161] systemd[1]: Listening on Syslog Socket.
[[0;32m  OK  [0m] Listening on Syslog Socket.
[   25.250873] systemd[1]: Started Forward Password Requests to Wall Directory Watch.
[[0;32m  OK  [0m] Started Forward Password Requests to Wall Directory Watch.
[   25.256600] systemd[1]: Listening on Journal Socket.
[[0;32m  OK  [0m] Listening on Journal Socket.
[   25.578926] systemd[1]: Mounting Huge Pages File System...
         Mounting Huge Pages File System...
[   25.685120] systemd[1]: Starting Set console keymap...
         Starting Set console keymap...
[   25.918844] systemd[1]: Starting Nameserver information manager...
         Starting Nameserver information manager...
[   26.099727] systemd[1]: Starting Remount Root and Kernel File Systems...
         Starting Remount Root and Kernel File Systems...
[   26.278990] EXT4-fs (sda1): re-mounted. Opts: (null)
[   26.297944] systemd[1]: Starting Load Kernel Modules...
         Starting Load Kernel Modules...
[   26.685217] systemd[1]: Mounting POSIX Message Queue File System...
         Mounting POSIX Message Queue File System...
[   26.836163] systemd[1]: Listening on Device-mapper event daemon FIFOs.
[[   26.909180] Loading iSCSI transport class v2.0-870.
[0;32m  OK  [0m] Listening on Device-mapper event daemon FIFOs.
[   27.111528] systemd[1]: Starting Monitoring of LVM2 mirrors, snapshots etc. using dmeventd or progress polling...
         Starting Monitoring of LVM2 mirrors... [   27.203805] iscsi: registered transport (tcp)
dmeventd or progress polling...
[   27.248644] systemd[1]: Listening on /dev/initctl Compatibility Named Pipe.
[[0;32m  OK  [0m] Listening on /dev/initctl Compatibility Named Pipe.
[   27.289814] systemd[1]: Listening on Journal Audit Socket.
[[0;32m  OK  [0m] Listening on Journal Audit Socket.
[   27.433285] iscsi: registered transport (iser)
[   27.434974] systemd[1]: Starting Journal Service...
         Starting Journal Service...
[   27.623978] systemd[1]: Created slice system-serial\x2dgetty.slice.
[[0;32m  OK  [0m] Created slice system-serial\x2dgetty.slice.
[   27.775470] systemd[1]: Mounting Debug File System...
         Mounting Debug File System...
[   28.031805] systemd[1]: Starting Uncomplicated firewall...
         Starting Uncomplicated firewall...
[   28.165081] systemd[1]: Starting Create list of required static device nodes for the current kernel...
         Starting Create list of required st... nodes for the current kernel...
[   28.286679] systemd[1]: Reached target Slices.
[[0;32m  OK  [0m] Reached target Slices.
[   28.369818] systemd[1]: Reached target User and Group Name Lookups.
[[0;32m  OK  [0m] Reached target User and Group Name Lookups.
[   28.414898] systemd[1]: Listening on udev Control Socket.
[[0;32m  OK  [0m] Listening on udev Control Socket.
[   28.425576] systemd[1]: Reached target Encrypted Volumes.
[[0;32m  OK  [0m] Reached target Encrypted Volumes.
[   28.501442] systemd[1]: Mounted POSIX Message Queue File System.
[[0;32m  OK  [0m] Mounted POSIX Message Queue File System.
[   28.607471] systemd[1]: Mounted Huge Pages File System.
[[0;32m  OK  [0m] Mounted Huge Pages File System.
[   28.659078] systemd[1]: Mounted Debug File System.
[[0;32m  OK  [0m] Mounted Debug File System.
[   28.674987] systemd[1]: Started Journal Service.
[[0;32m  OK  [0m] Started Journal Service.
[[0;32m  OK  [0m] Started Set console keymap.
[[0;32m  OK  [0m] Started Remount Root and Kernel File Systems.
[[0;32m  OK  [0m] Started Load Kernel Modules.
[[0;32m  OK  [0m] Started Uncomplicated firewall.
[[0;32m  OK  [0m] Started Create list of required sta...ce nodes for the current kernel.
[[0;32m  OK  [0m] Started Nameserver information manager.
[[0;32m  OK  [0m] Started LVM2 metadata daemon.
         Starting Create Static Device Nodes in /dev...
         Starting Apply Kernel Variables...
         Mounting FUSE Control File System...
         Starting Load/Save Random Seed...
         Starting Initial cloud-init job (pre-networking)...
         Starting udev Coldplug all Devices...
         Starting Flush Journal to Persistent Storage...
[[0;32m  OK  [0m] Mounted FUSE Control File System.
[[0;32m  OK  [0m] Started Create Static Device Nodes in /dev.
[[0;32m  OK  [0m] Started Monitoring of LVM2 mirrors,...ng dmeventd or progress polling.
[[0;32m  OK  [0m] Started Apply Kernel Variables.
[[0;32m  OK  [0m] Started Load/Save Random Seed.
         Starting udev Kernel Device Manager...
[[0;32m  OK  [0m] Started Flush Journal to Persistent Storage.
[[0;32m  OK  [0m] Started udev Kernel Device Manager.
[[0;32m  OK  [0m] Reached target Local File Systems (Pre).
[[0;32m  OK  [0m] Reached target Local File Systems.
         Starting LSB: AppArmor initialization...
         Starting Set console font and keymap...
         Starting Create Volatile Files and Directories...
         Starting Tell Plymouth To Write Out Runtime Data...
[[0;32m  OK  [0m] Started Tell Plymouth To Write Out Runtime Data.
[[0;32m  OK  [0m] Started Create Volatile Files and Directories.
         Starting Update UTMP about System Boot/Shutdown...
[[0;32m  OK  [0m] Started Update UTMP about System Boot/Shutdown.
[[0;32m  OK  [0m] Started udev Coldplug all Devices.
[[0;32m  OK  [0m] Started Dispatch Password Requests to Console Directory Watch.
[[0;32m  OK  [0m] Found device /dev/ttyS0.
[[0;32m  OK  [0m] Listening on Load/Save RF Kill Switch Status /dev/rfkill Watch.
[[0;32m  OK  [0m] Started LSB: AppArmor initialization.
[   72.032934] cloud-init[459]: [Cloud-init v. 17.2 running 'init-local' at Tue, 10 Apr 2018 07:54:33 +0000. Up 50.75 seconds.[0;32m  OK  [0m
] Found device 82540EM Gigabit Ethern...r (PRO/1000 MT Desktop Adapter).
[[0;32m  OK  [0m] Started Initial cloud-init job (pre-networking).
[[0;32m  OK  [0m] Reached target Network (Pre).
[[0;32m  OK  [0m] Started ifup for enp0s3.
         Starting Raise network interfaces...
[[0m[0;31m*     [0m] (2 of 2) A start job is running for... and keymap (1min 1s / no limit)[K[[0;32m  OK  [0m] Started Set console font and keymap.
[[0;32m  OK  [0m] Created slice system-getty.slice.
[[0;32m  OK  [0m] Started Raise network interfaces.
[[0;32m  OK  [0m] Reached target Network.
         Starting Initial cloud-init job (metadata service crawler)...
[   89.100676] cloud-init[1015]: Cloud-init v. 17.2 running 'init' at Tue, 10 Apr 2018 07:55:09 +0000. Up 87.04 seconds.
[   89.172198] cloud-init[1015]: ci-info: +++++++++++++++++++++++++++++++++++++Net device info++++++++++++++++++++++++++++++++++++++
[   89.431406] [cloud-init[0;32m  OK  [0m[1015]: ] ci-info: +--------+------+----------------------------+---------------+-------+-------------------+Started Initial cloud-init job (metadata service crawler).

[[   89.440336] cloud-init[1015]: ci-info: | Device |  Up  |          Address           |      Mask     | Scope |     Hw-Address    |
[0;32m  OK  [0m] Reached target System Initialization.
[   89.450526] cloud-init[1015]: ci-info: +--------+------+----------------------------+---------------+-------+-------------------+
[   89.532814] [cloud-init[0;32m  OK  [0m[1015]: ] ci-info: | enp0s3 | True |         10.0.2.15          | 255.255.255.0 |   .   | 02:1b:e7:ca:c1:c0 |Started Timer to automatically refresh installed snaps.

[   89.534142] cloud-init[1015]: ci-info: | enp0s3 | True | fe80::1b:e7ff:feca:c1c0/64 |       .       |  link | 02:1b:e7:ca:c1:c0 |
[   89.560944] cloud-init[1015]: ci-info: |   lo   | True |         127.0.0.1          |   255.0.0.0   |   .   |         .         |
[   89.571857] cloud-init[1015]: ci-info: |   lo   | True |          ::1/128           |       .       |  host |         .         |
         [   89.577307] Starting LXD - unix socket.cloud-init[1015]: ci-info: +--------+------+----------------------------+---------------+-------+-------------------+

[   89.578266] cloud-init[1015]: ci-info: +++++++++++++++++++++++++++Route IPv4 info++++++++++++++++++++++++++++
[   89.629403] cloud-init[1015]: ci-info: +-------+-------------+----------+---------------+-----------+-------+
[   89.688734] cloud-init[1015]: ci-info: | Route | Destination | Gateway  |    Genmask    | Interface | Flags |
         Starting Socket activation for snappy daemon.
[[0;32m  OK  [0m] Started Daily Cleanup of Temporary Directories.
[   89.690583] cloud-init[1015]: ci-info: +-------+-------------+----------+---------------+-----------+-------+
[   89.780072] cloud-init[1015]: ci-info: |   0   |   0.0.0.0   | 10.0.2.2 |    0.0.0.0    |   enp0s3  |   UG  |
[   89.844960] cloud-init[1015]: ci-info: |   1   |   10.0.2.0  | 0.0.0.0  | 255.255.255.0 |   enp0s3  |   U   |
[[0;32m  OK  [0m] Started ACPI Events Check.
[   89.845590] [cloud-init[0;32m  OK  [0m[1015]: ] ci-info: +-------+-------------+----------+---------------+-----------+-------+Reached target Paths.

[[0;32m  OK  [0m] Started Daily apt download activities.
[[0;32m  OK  [0m] Listening on ACPID Listen Socket.
[[0;32m  OK  [0m] Started Daily apt upgrade and clean activities.
[[0;32m  OK  [0m] Reached target Timers.
[[0;32m  OK  [0m] Listening on D-Bus System Message Bus Socket.
[[0;32m  OK  [0m] Listening on UUID daemon activation socket.
[[0;32m  OK  [0m] Reached target Network is Online.
         Starting iSCSI initiator daemon (iscsid)...
[[0;32m  OK  [0m] Reached target Cloud-config availability.
[[0;32m  OK  [0m] Listening on LXD - unix socket.
[[0;32m  OK  [0m] Listening on Socket activation for snappy daemon.
[[0;32m  OK  [0m] Reached target Sockets.
[[0;32m  OK  [0m] Reached target Basic System.
         Starting LSB: Record successful boot for GRUB...
         Starting Virtualbox guest utils...
         Starting Apply the settings specified in cloud-config...
         Starting System Logging Service...
         Starting Snappy daemon...
[[0;32m  OK  [0m] Started Deferred execution scheduler.
         Starting LSB: MD monitoring daemon...
         Starting OpenBSD Secure Shell server...
[[0;32m  OK  [0m] Started D-Bus System Message Bus.
         Starting LXD - container startup/shutdown...
         Starting /etc/rc.local Compatibility...
[[0;32m  OK  [0m] Started ACPI event daemon.
[[0;32m  OK  [0m] Started FUSE filesystem for LXC.
[[0;32m  OK  [0m] Started Unattended Upgrades Shutdown.
[[0;32m  OK  [0m] Started Regular background program processing daemon.
         Starting Login Service...
         Starting Accounts Service...
[[0;32m  OK  [0m] Started System Logging Service.
[[0;32m  OK  [0m] Started OpenBSD Secure Shell server.
[[0;32m  OK  [0m] Started iSCSI initiator daemon (iscsid).
[[0;32m  OK  [0m] Started /etc/rc.local Compatibility.
[[0;32m  OK  [0m] Started Snappy daemon.
         Starting Login to default iSCSI targets...
[[0;32m  OK  [0m] Started Login Service.
         Starting Authenticate and Authorize Users to Run Privileged Tasks...
[[0;32m  OK  [0m] Started LXD - container startup/shutdown.
[[0;32m  OK  [0m] Started LSB: Record successful boot for GRUB.
[[0;32m  OK  [0m] Started Authenticate and Authorize Users to Run Privileged Tasks.
[[0;32m  OK  [0m] Started Accounts Service.
[[0;32m  OK  [0m] Started LSB: MD monitoring daemon.
[[0;32m  OK  [0m] Started Login to default iSCSI targets.
[[0;32m  OK  [0m] Reached target Remote File Systems (Pre).
[[0;32m  OK  [0m] Reached target Remote File Systems.
         Starting LSB: Set the CPU Frequency Scaling governor to "ondemand"...
         Starting Permit User Sessions...
         Starting LSB: daemon to balance interrupts for SMP systems...
         Starting LSB: automatic crash report generation...
[[0;32m  OK  [0m] Started Permit User Sessions.
         Starting Hold until boot process finishes up...
         Starting Terminate Plymouth Boot Screen...
[[0;32m  OK  [0m] Started Hold until boot process finishes up.
[[0;32m  OK  [0m] Started Terminate Plymouth Boot Screen.
[[0;32m  OK  [0m] Started Getty on tty1.
         Starting Set console scheme...
[[0;32m  OK  [0m] Started Serial Getty on ttyS0.
[[0;32m  OK  [0m] Reached target Login Prompts.
[[0;32m  OK  [0m] Started Virtualbox guest utils.
[[0;32m  OK  [0m] Started Set console scheme.
[[0;32m  OK  [0m] Started LSB: Set the CPU Frequency Scaling governor to "ondemand".
[[0;32m  OK  [0m] Created slice User Slice of vagrant.
         Starting User Manager for UID 1000...
[[0;32m  OK  [0m] Started Session 1 of user vagrant.
[[0;32m  OK  [0m] Started LSB: daemon to balance interrupts for SMP systems.
[[0;32m  OK  [0m] Started User Manager for UID 1000.
[[0;32m  OK  [0m] Started LSB: automatic crash report generation.
[[0;32m  OK  [0m] Reached target Multi-User System.
[[0;32m  OK  [0m] Reached target Graphical Interface.
         Starting Update UTMP about System Runlevel Changes...
[  120.994064] cloud-init[1082]: Cloud-init v. 17.2 running 'modules:config' at Tue, 10 Apr 2018 07:55:33 +0000. Up 111.13 seconds.

Ubuntu 16.04.4 LTS p4-compiler-fuzzer-dev ttyS0

p4-compiler-fuzzer-dev login: [  130.335344] cloud-init[1335]: Cloud-init v. 17.2 running 'modules:final' at Tue, 10 Apr 2018 07:55:51 +0000. Up 129.11 seconds.
[  130.339872] cloud-init[1335]: Cloud-init v. 17.2 finished at Tue, 10 Apr 2018 07:55:53 +0000. Datasource DataSourceNoCloud [seed=/dev/sdb][dsmode=net].  Up 130.31 seconds
[  158.473199] e1000 0000:00:03.0 enp0s3: Detected Tx Unit Hang
[  158.473199]   Tx Queue             <0>
[  158.473199]   TDH                  <b1>
[  158.473199]   TDT                  <b3>
[  158.473199]   next_to_use          <b3>
[  158.473199]   next_to_clean        <b1>
[  158.473199] buffer_info[next_to_clean]
[  158.473199]   time_stamp           <ffff71f6>
[  158.473199]   next_to_watch        <b2>
[  158.473199]   jiffies              <ffff741b>
[  158.473199]   next_to_watch.status <0>
[  160.480993] e1000 0000:00:03.0 enp0s3: Detected Tx Unit Hang
[  160.480993]   Tx Queue             <0>
[  160.480993]   TDH                  <b1>
[  160.480993]   TDT                  <b3>
[  160.480993]   next_to_use          <b3>
[  160.480993]   next_to_clean        <b1>
[  160.480993] buffer_info[next_to_clean]
[  160.480993]   time_stamp           <ffff71f6>
[  160.480993]   next_to_watch        <b2>
[  160.480993]   jiffies              <ffff7611>
[  160.480993]   next_to_watch.status <0>
[  161.531686] e1000 0000:00:03.0 enp0s3: Reset adapter
